<?xml version="1.0" encoding="UTF-8"?>
<testsuite name="SILab2Test" tests="2" skipped="0" failures="0" errors="0" timestamp="2020-06-09T13:39:47" hostname="DESKTOP-FMG3D3M" time="0.017">
  <properties/>
  <testcase name="everyBranch()" classname="SILab2Test" time="0.015"/>
  <testcase name="everyStatement()" classname="SILab2Test" time="0.001"/>
  <system-out><![CDATA[]]></system-out>
  <system-err><![CDATA[]]></system-err>
</testsuite>
